<?xml version="1.0" encoding="UTF-8"?>
<testsuite name="RangerTest" tests="1" skipped="0" failures="0" errors="0" timestamp="2016-10-07T11:03:45" hostname="Andrews-MacBook-Pro.local" time="0.006">
  <properties/>
  <testcase name="ranger_instantiatesCorrectly_true" classname="RangerTest" time="0.006"/>
  <system-out><![CDATA[]]></system-out>
  <system-err><![CDATA[]]></system-err>
</testsuite>
