<?xml version="1.0" encoding="UTF-8"?>
<testsuite name="RangerTest" tests="9" skipped="0" failures="0" errors="0" timestamp="2016-10-07T12:22:33" hostname="Andrews-MacBook-Pro.local" time="0.18">
  <properties/>
  <testcase name="update_updatesRanger_true" classname="RangerTest" time="0.035"/>
  <testcase name="save_insertsObjectIntoDatabase_Ranger" classname="RangerTest" time="0.044"/>
  <testcase name="getMonsters_retrievesAllMonstersFromDatabase_monstersList" classname="RangerTest" time="0.034"/>
  <testcase name="equals_returnsTrueIfNameAndEmailAreSame_true" classname="RangerTest" time="0.005"/>
  <testcase name="find_FindsRangerForGivenId_true" classname="RangerTest" time="0.022"/>
  <testcase name="all_returnsAllInstancesOfRanger_true" classname="RangerTest" time="0.024"/>
  <testcase name="getName_rangerInstantiatesWithName_JohnSmith" classname="RangerTest" time="0.005"/>
  <testcase name="getEmail_rangerInstantiatesWithEmail_johnsmithemail" classname="RangerTest" time="0.005"/>
  <testcase name="ranger_instantiatesCorrectly_true" classname="RangerTest" time="0.005"/>
  <system-out><![CDATA[]]></system-out>
  <system-err><![CDATA[]]></system-err>
</testsuite>
