<?xml version="1.0" encoding="UTF-8"?>
<testsuite name="RangerTest" tests="4" skipped="0" failures="0" errors="0" timestamp="2016-10-07T11:27:29" hostname="Andrews-MacBook-Pro.local" time="0.023">
  <properties/>
  <testcase name="equals_returnsTrueIfNameAndEmailAreSame_true" classname="RangerTest" time="0.006"/>
  <testcase name="getName_rangerInstantiatesWithName_JohnSmith" classname="RangerTest" time="0.006"/>
  <testcase name="getEmail_rangerInstantiatesWithEmail_johnsmithemail" classname="RangerTest" time="0.005"/>
  <testcase name="ranger_instantiatesCorrectly_true" classname="RangerTest" time="0.005"/>
  <system-out><![CDATA[]]></system-out>
  <system-err><![CDATA[]]></system-err>
</testsuite>
