<?xml version="1.0" encoding="UTF-8"?>
<testsuite name="EndangeredAnimalSightingTest" tests="1" skipped="0" failures="0" errors="0" timestamp="2016-10-07T11:12:33" hostname="Andrews-MacBook-Pro.local" time="0.085">
  <properties/>
  <testcase name="endangeredAnimalSighting_instantiatesCorrectly_true" classname="EndangeredAnimalSightingTest" time="0.085"/>
  <system-out><![CDATA[]]></system-out>
  <system-err><![CDATA[]]></system-err>
</testsuite>
