<?xml version="1.0" encoding="UTF-8"?>
<testsuite name="EndangeredAnimalSightingTest" tests="2" skipped="0" failures="0" errors="0" timestamp="2016-10-07T14:45:15" hostname="Andrews-MacBook-Pro.local" time="0.384">
  <properties/>
  <testcase name="endangeredAnimalSighting_instantiatesCorrectly_true" classname="EndangeredAnimalSightingTest" time="0.357"/>
  <testcase name="EndangeredAnimalSighting_instantiatesWithName_String" classname="EndangeredAnimalSightingTest" time="0.025"/>
  <system-out><![CDATA[]]></system-out>
  <system-err><![CDATA[]]></system-err>
</testsuite>
