<?xml version="1.0" encoding="UTF-8"?>
<testsuite name="NotEndangeredAnimalSightingTest" tests="1" skipped="0" failures="0" errors="0" timestamp="2016-10-07T11:27:29" hostname="Andrews-MacBook-Pro.local" time="0.006">
  <properties/>
  <testcase name="notEndangeredAnimalSighting_instantiatesCorrectly_true" classname="NotEndangeredAnimalSightingTest" time="0.006"/>
  <system-out><![CDATA[]]></system-out>
  <system-err><![CDATA[]]></system-err>
</testsuite>
