<?xml version="1.0" encoding="UTF-8"?>
<testsuite name="NotEndangeredAnimalSightingTest" tests="2" skipped="0" failures="0" errors="0" timestamp="2016-10-07T15:43:08" hostname="Andrews-MacBook-Pro.local" time="0.009">
  <properties/>
  <testcase name="NotEndangeredAnimalSighting_getsNamefromNotEndangeredAnimalSightingObject_String" classname="NotEndangeredAnimalSightingTest" time="0.005"/>
  <testcase name="NotEndangeredAnimalSighting_instantiatesCorrectly_true" classname="NotEndangeredAnimalSightingTest" time="0.004"/>
  <system-out><![CDATA[]]></system-out>
  <system-err><![CDATA[]]></system-err>
</testsuite>
