<?xml version="1.0" encoding="UTF-8"?>
<testsuite name="RangerTest" tests="10" skipped="0" failures="0" errors="0" timestamp="2016-10-07T14:45:16" hostname="Andrews-MacBook-Pro.local" time="0.767">
  <properties/>
  <testcase name="getAnimalSightings_retrievesAllAnimalSightingsFromDatabase_animalSightingsList" classname="RangerTest" time="0.26"/>
  <testcase name="update_updatesRanger_true" classname="RangerTest" time="0.065"/>
  <testcase name="save_insertsObjectIntoDatabase_Ranger" classname="RangerTest" time="0.065"/>
  <testcase name="equals_returnsTrueIfNameAndEmailAreSame_true" classname="RangerTest" time="0.027"/>
  <testcase name="find_FindsRangerForGivenId_true" classname="RangerTest" time="0.084"/>
  <testcase name="all_returnsAllInstancesOfRanger_true" classname="RangerTest" time="0.103"/>
  <testcase name="getName_rangerInstantiatesWithName_JohnSmith" classname="RangerTest" time="0.018"/>
  <testcase name="getEmail_rangerInstantiatesWithEmail_johnsmithemail" classname="RangerTest" time="0.02"/>
  <testcase name="ranger_instantiatesCorrectly_true" classname="RangerTest" time="0.029"/>
  <testcase name="delete_deletesRanger_true" classname="RangerTest" time="0.087"/>
  <system-out><![CDATA[]]></system-out>
  <system-err><![CDATA[]]></system-err>
</testsuite>
