<?xml version="1.0" encoding="UTF-8"?>
<testsuite name="RangerTest" tests="10" skipped="0" failures="0" errors="0" timestamp="2016-10-07T15:05:02" hostname="Andrews-MacBook-Pro.local" time="0.164">
  <properties/>
  <testcase name="getAnimalSightings_retrievesAllAnimalSightingsFromDatabase_animalSightingsList" classname="RangerTest" time="0.048"/>
  <testcase name="update_updatesRanger_true" classname="RangerTest" time="0.015"/>
  <testcase name="save_insertsObjectIntoDatabase_Ranger" classname="RangerTest" time="0.018"/>
  <testcase name="equals_returnsTrueIfNameAndEmailAreSame_true" classname="RangerTest" time="0.005"/>
  <testcase name="find_FindsRangerForGivenId_true" classname="RangerTest" time="0.019"/>
  <testcase name="all_returnsAllInstancesOfRanger_true" classname="RangerTest" time="0.023"/>
  <testcase name="getName_rangerInstantiatesWithName_JohnSmith" classname="RangerTest" time="0.005"/>
  <testcase name="getEmail_rangerInstantiatesWithEmail_johnsmithemail" classname="RangerTest" time="0.005"/>
  <testcase name="ranger_instantiatesCorrectly_true" classname="RangerTest" time="0.005"/>
  <testcase name="delete_deletesRanger_true" classname="RangerTest" time="0.019"/>
  <system-out><![CDATA[]]></system-out>
  <system-err><![CDATA[]]></system-err>
</testsuite>
