<?xml version="1.0" encoding="UTF-8"?>
<testsuite name="EndangeredAnimalSightingTest" tests="8" skipped="0" failures="0" errors="0" timestamp="2016-10-07T15:43:08" hostname="Andrews-MacBook-Pro.local" time="0.21">
  <properties/>
  <testcase name="endangeredAnimalSighting_instantiatesCorrectly_true" classname="EndangeredAnimalSightingTest" time="0.074"/>
  <testcase name="find_FindsEndangeredAnimalSightingInstanceRelatedToId_true" classname="EndangeredAnimalSightingTest" time="0.053"/>
  <testcase name="save_insertsObjectIntoDatabase_EndangeredAnimalSighting" classname="EndangeredAnimalSightingTest" time="0.018"/>
  <testcase name="endangeredAnimalSighting_getsNamefromEndangeredAnimalSightingObject_String" classname="EndangeredAnimalSightingTest" time="0.005"/>
  <testcase name="endangeredAnimalSighting_getsHealthfromEndangeredAnimalSightingObject_String" classname="EndangeredAnimalSightingTest" time="0.005"/>
  <testcase name="all_returnsAllInstancesOfEndangeredAnimal_true" classname="EndangeredAnimalSightingTest" time="0.028"/>
  <testcase name="delete_deletesEndangeredAnimalSighting_true" classname="EndangeredAnimalSightingTest" time="0.02"/>
  <testcase name="endangeredAnimalSighting_getsAgefromEndangeredAnimalSightingObject_String" classname="EndangeredAnimalSightingTest" time="0.005"/>
  <system-out><![CDATA[]]></system-out>
  <system-err><![CDATA[]]></system-err>
</testsuite>
